{"/Users/abrewer/Repos/writ-electron/server/app/errors.js":{"path":"/Users/abrewer/Repos/writ-electron/server/app/errors.js","s":{"1":1,"2":1,"3":1,"4":0,"5":0,"6":0,"7":0,"8":1,"9":1,"10":1,"11":0,"12":0,"13":0,"14":0,"15":1,"16":1,"17":1,"18":0,"19":0,"20":0,"21":1,"22":1,"23":1},"b":{"1":[0,0],"2":[0,0],"3":[0,0]},"f":{"1":0,"2":0,"3":0},"fnMap":{"1":{"name":"EmailUsedError","line":13,"loc":{"start":{"line":13,"column":0},"end":{"line":13,"column":40}}},"2":{"name":"SecretNotFoundError","line":29,"loc":{"start":{"line":29,"column":0},"end":{"line":29,"column":45}}},"3":{"name":"LoginError","line":44,"loc":{"start":{"line":44,"column":0},"end":{"line":44,"column":29}}}},"statementMap":{"1":{"start":{"line":3,"column":0},"end":{"line":3,"column":78}},"2":{"start":{"line":4,"column":0},"end":{"line":4,"column":96}},"3":{"start":{"line":13,"column":0},"end":{"line":18,"column":1}},"4":{"start":{"line":14,"column":4},"end":{"line":14,"column":22}},"5":{"start":{"line":15,"column":4},"end":{"line":15,"column":23}},"6":{"start":{"line":16,"column":4},"end":{"line":16,"column":33}},"7":{"start":{"line":17,"column":4},"end":{"line":17,"column":49}},"8":{"start":{"line":19,"column":0},"end":{"line":19,"column":58}},"9":{"start":{"line":20,"column":0},"end":{"line":20,"column":54}},"10":{"start":{"line":29,"column":0},"end":{"line":34,"column":1}},"11":{"start":{"line":30,"column":4},"end":{"line":30,"column":22}},"12":{"start":{"line":31,"column":4},"end":{"line":31,"column":23}},"13":{"start":{"line":32,"column":4},"end":{"line":32,"column":38}},"14":{"start":{"line":33,"column":4},"end":{"line":33,"column":55}},"15":{"start":{"line":35,"column":0},"end":{"line":35,"column":63}},"16":{"start":{"line":36,"column":0},"end":{"line":36,"column":64}},"17":{"start":{"line":44,"column":0},"end":{"line":48,"column":1}},"18":{"start":{"line":45,"column":4},"end":{"line":45,"column":22}},"19":{"start":{"line":46,"column":4},"end":{"line":46,"column":29}},"20":{"start":{"line":47,"column":4},"end":{"line":47,"column":49}},"21":{"start":{"line":49,"column":0},"end":{"line":49,"column":54}},"22":{"start":{"line":50,"column":0},"end":{"line":50,"column":46}},"23":{"start":{"line":52,"column":0},"end":{"line":59,"column":2}}},"branchMap":{"1":{"line":17,"type":"binary-expr","locations":[{"start":{"line":17,"column":20},"end":{"line":17,"column":27}},{"start":{"line":17,"column":31},"end":{"line":17,"column":47}}]},"2":{"line":33,"type":"binary-expr","locations":[{"start":{"line":33,"column":20},"end":{"line":33,"column":27}},{"start":{"line":33,"column":31},"end":{"line":33,"column":53}}]},"3":{"line":47,"type":"binary-expr","locations":[{"start":{"line":47,"column":20},"end":{"line":47,"column":27}},{"start":{"line":47,"column":31},"end":{"line":47,"column":47}}]}}},"/Users/abrewer/Repos/writ-electron/server/app/index.js":{"path":"/Users/abrewer/Repos/writ-electron/server/app/index.js","s":{"1":1,"2":1,"3":1,"4":1,"5":1,"6":1,"7":1,"8":1,"9":1,"10":1},"b":{},"f":{},"fnMap":{},"statementMap":{"1":{"start":{"line":3,"column":0},"end":{"line":3,"column":33}},"2":{"start":{"line":4,"column":0},"end":{"line":4,"column":40}},"3":{"start":{"line":5,"column":0},"end":{"line":5,"column":40}},"4":{"start":{"line":6,"column":0},"end":{"line":6,"column":20}},"5":{"start":{"line":8,"column":0},"end":{"line":8,"column":27}},"6":{"start":{"line":9,"column":0},"end":{"line":9,"column":31}},"7":{"start":{"line":10,"column":0},"end":{"line":10,"column":28}},"8":{"start":{"line":11,"column":0},"end":{"line":11,"column":36}},"9":{"start":{"line":12,"column":0},"end":{"line":12,"column":48}},"10":{"start":{"line":14,"column":0},"end":{"line":14,"column":21}}},"branchMap":{}},"/Users/abrewer/Repos/writ-electron/server/users/index.js":{"path":"/Users/abrewer/Repos/writ-electron/server/users/index.js","s":{"1":1},"b":{},"f":{},"fnMap":{},"statementMap":{"1":{"start":{"line":3,"column":0},"end":{"line":7,"column":2}}},"branchMap":{}},"/Users/abrewer/Repos/writ-electron/server/users/users.ctrl.js":{"path":"/Users/abrewer/Repos/writ-electron/server/users/users.ctrl.js","s":{"1":1,"2":1,"3":1,"4":1,"5":1,"6":1,"7":1,"8":1,"9":1,"10":1,"11":1,"12":1,"13":1,"14":0,"15":0,"16":1,"17":0,"18":1,"19":0,"20":0,"21":0,"22":0,"23":0,"24":0,"25":0,"26":0,"27":0,"28":0,"29":0,"30":0,"31":0,"32":0,"33":0,"34":0,"35":0,"36":0,"37":0,"38":0,"39":0,"40":1,"41":0,"42":0,"43":0,"44":0,"45":0,"46":0,"47":0,"48":1,"49":0,"50":0,"51":0,"52":0,"53":0,"54":0,"55":0,"56":0,"57":0,"58":0,"59":0,"60":0,"61":0,"62":0,"63":0,"64":0,"65":0,"66":0,"67":0,"68":0,"69":0,"70":0,"71":0,"72":0,"73":0,"74":1,"75":0,"76":0,"77":0,"78":0,"79":0,"80":0,"81":0,"82":0,"83":1},"b":{"1":[0,0],"2":[0,0],"3":[0,0],"4":[0,0],"5":[0,0],"6":[0,0],"7":[0,0]},"f":{"1":0,"2":0,"3":0,"4":0,"5":0,"6":0,"7":0,"8":0,"9":0,"10":0,"11":0,"12":0,"13":0,"14":0,"15":0,"16":0,"17":0,"18":0,"19":0,"20":0,"21":0,"22":0,"23":0,"24":0,"25":0,"26":0,"27":0,"28":0,"29":0,"30":0,"31":0},"fnMap":{"1":{"name":"(anonymous_1)","line":16,"loc":{"start":{"line":16,"column":11},"end":{"line":16,"column":36}}},"2":{"name":"(anonymous_2)","line":22,"loc":{"start":{"line":22,"column":63},"end":{"line":22,"column":82}}},"3":{"name":"(anonymous_3)","line":30,"loc":{"start":{"line":30,"column":17},"end":{"line":30,"column":36}}},"4":{"name":"(anonymous_4)","line":37,"loc":{"start":{"line":37,"column":63},"end":{"line":37,"column":82}}},"5":{"name":"(anonymous_5)","line":45,"loc":{"start":{"line":45,"column":45},"end":{"line":45,"column":70}}},"6":{"name":"(anonymous_6)","line":52,"loc":{"start":{"line":52,"column":20},"end":{"line":52,"column":37}}},"7":{"name":"(anonymous_7)","line":60,"loc":{"start":{"line":60,"column":20},"end":{"line":60,"column":31}}},"8":{"name":"(anonymous_8)","line":68,"loc":{"start":{"line":68,"column":20},"end":{"line":68,"column":31}}},"9":{"name":"(anonymous_9)","line":85,"loc":{"start":{"line":85,"column":19},"end":{"line":85,"column":33}}},"10":{"name":"(anonymous_10)","line":100,"loc":{"start":{"line":100,"column":21},"end":{"line":100,"column":35}}},"11":{"name":"(anonymous_11)","line":106,"loc":{"start":{"line":106,"column":63},"end":{"line":106,"column":88}}},"12":{"name":"(anonymous_12)","line":113,"loc":{"start":{"line":113,"column":20},"end":{"line":113,"column":38}}},"13":{"name":"(anonymous_13)","line":120,"loc":{"start":{"line":120,"column":26},"end":{"line":120,"column":44}}},"14":{"name":"(anonymous_14)","line":123,"loc":{"start":{"line":123,"column":27},"end":{"line":123,"column":41}}},"15":{"name":"(anonymous_15)","line":129,"loc":{"start":{"line":129,"column":13},"end":{"line":129,"column":38}}},"16":{"name":"(anonymous_16)","line":133,"loc":{"start":{"line":133,"column":22},"end":{"line":133,"column":39}}},"17":{"name":"(anonymous_17)","line":137,"loc":{"start":{"line":137,"column":25},"end":{"line":137,"column":39}}},"18":{"name":"(anonymous_18)","line":141,"loc":{"start":{"line":141,"column":64},"end":{"line":141,"column":89}}},"19":{"name":"(anonymous_19)","line":153,"loc":{"start":{"line":153,"column":26},"end":{"line":153,"column":43}}},"20":{"name":"(anonymous_20)","line":156,"loc":{"start":{"line":156,"column":26},"end":{"line":156,"column":37}}},"21":{"name":"(anonymous_21)","line":181,"loc":{"start":{"line":181,"column":31},"end":{"line":181,"column":45}}},"22":{"name":"(anonymous_22)","line":196,"loc":{"start":{"line":196,"column":29},"end":{"line":196,"column":43}}},"23":{"name":"(anonymous_23)","line":200,"loc":{"start":{"line":200,"column":66},"end":{"line":200,"column":91}}},"24":{"name":"(anonymous_24)","line":205,"loc":{"start":{"line":205,"column":45},"end":{"line":205,"column":59}}},"25":{"name":"(anonymous_25)","line":207,"loc":{"start":{"line":207,"column":20},"end":{"line":207,"column":31}}},"26":{"name":"(anonymous_26)","line":212,"loc":{"start":{"line":212,"column":21},"end":{"line":212,"column":35}}},"27":{"name":"(anonymous_27)","line":218,"loc":{"start":{"line":218,"column":13},"end":{"line":218,"column":38}}},"28":{"name":"(anonymous_28)","line":222,"loc":{"start":{"line":222,"column":20},"end":{"line":222,"column":38}}},"29":{"name":"(anonymous_29)","line":232,"loc":{"start":{"line":232,"column":20},"end":{"line":232,"column":35}}},"30":{"name":"(anonymous_30)","line":236,"loc":{"start":{"line":236,"column":20},"end":{"line":236,"column":31}}},"31":{"name":"(anonymous_31)","line":242,"loc":{"start":{"line":242,"column":21},"end":{"line":242,"column":35}}}},"statementMap":{"1":{"start":{"line":3,"column":0},"end":{"line":3,"column":37}},"2":{"start":{"line":4,"column":0},"end":{"line":4,"column":34}},"3":{"start":{"line":5,"column":0},"end":{"line":5,"column":55}},"4":{"start":{"line":6,"column":0},"end":{"line":6,"column":33}},"5":{"start":{"line":7,"column":0},"end":{"line":7,"column":39}},"6":{"start":{"line":8,"column":0},"end":{"line":8,"column":30}},"7":{"start":{"line":9,"column":0},"end":{"line":9,"column":54}},"8":{"start":{"line":10,"column":0},"end":{"line":10,"column":32}},"9":{"start":{"line":11,"column":0},"end":{"line":11,"column":38}},"10":{"start":{"line":12,"column":0},"end":{"line":12,"column":34}},"11":{"start":{"line":13,"column":0},"end":{"line":13,"column":39}},"12":{"start":{"line":14,"column":0},"end":{"line":14,"column":39}},"13":{"start":{"line":16,"column":0},"end":{"line":19,"column":3}},"14":{"start":{"line":17,"column":4},"end":{"line":17,"column":39}},"15":{"start":{"line":18,"column":4},"end":{"line":18,"column":11}},"16":{"start":{"line":21,"column":0},"end":{"line":27,"column":11}},"17":{"start":{"line":23,"column":12},"end":{"line":26,"column":15}},"18":{"start":{"line":29,"column":0},"end":{"line":103,"column":11}},"19":{"start":{"line":33,"column":12},"end":{"line":35,"column":13}},"20":{"start":{"line":34,"column":16},"end":{"line":34,"column":38}},"21":{"start":{"line":40,"column":12},"end":{"line":43,"column":15}},"22":{"start":{"line":47,"column":12},"end":{"line":47,"column":72}},"23":{"start":{"line":48,"column":12},"end":{"line":48,"column":91}},"24":{"start":{"line":50,"column":12},"end":{"line":102,"column":15}},"25":{"start":{"line":53,"column":16},"end":{"line":58,"column":17}},"26":{"start":{"line":54,"column":20},"end":{"line":57,"column":22}},"27":{"start":{"line":61,"column":16},"end":{"line":61,"column":42}},"28":{"start":{"line":62,"column":16},"end":{"line":62,"column":49}},"29":{"start":{"line":63,"column":16},"end":{"line":63,"column":44}},"30":{"start":{"line":64,"column":16},"end":{"line":64,"column":44}},"31":{"start":{"line":65,"column":16},"end":{"line":65,"column":58}},"32":{"start":{"line":66,"column":16},"end":{"line":66,"column":41}},"33":{"start":{"line":69,"column":16},"end":{"line":75,"column":19}},"34":{"start":{"line":77,"column":16},"end":{"line":77,"column":77}},"35":{"start":{"line":79,"column":16},"end":{"line":98,"column":19}},"36":{"start":{"line":86,"column":20},"end":{"line":97,"column":21}},"37":{"start":{"line":87,"column":24},"end":{"line":87,"column":34}},"38":{"start":{"line":89,"column":24},"end":{"line":96,"column":27}},"39":{"start":{"line":101,"column":16},"end":{"line":101,"column":26}},"40":{"start":{"line":105,"column":0},"end":{"line":126,"column":11}},"41":{"start":{"line":109,"column":12},"end":{"line":125,"column":23}},"42":{"start":{"line":114,"column":24},"end":{"line":117,"column":25}},"43":{"start":{"line":115,"column":28},"end":{"line":115,"column":54}},"44":{"start":{"line":116,"column":28},"end":{"line":116,"column":94}},"45":{"start":{"line":118,"column":24},"end":{"line":118,"column":39}},"46":{"start":{"line":121,"column":24},"end":{"line":121,"column":42}},"47":{"start":{"line":124,"column":24},"end":{"line":124,"column":34}},"48":{"start":{"line":128,"column":0},"end":{"line":215,"column":11}},"49":{"start":{"line":131,"column":12},"end":{"line":131,"column":43}},"50":{"start":{"line":132,"column":12},"end":{"line":139,"column":19}},"51":{"start":{"line":134,"column":20},"end":{"line":135,"column":44}},"52":{"start":{"line":136,"column":20},"end":{"line":136,"column":39}},"53":{"start":{"line":138,"column":20},"end":{"line":138,"column":30}},"54":{"start":{"line":144,"column":12},"end":{"line":144,"column":43}},"55":{"start":{"line":145,"column":12},"end":{"line":145,"column":82}},"56":{"start":{"line":147,"column":12},"end":{"line":150,"column":13}},"57":{"start":{"line":148,"column":16},"end":{"line":148,"column":42}},"58":{"start":{"line":149,"column":16},"end":{"line":149,"column":39}},"59":{"start":{"line":152,"column":12},"end":{"line":198,"column":15}},"60":{"start":{"line":154,"column":24},"end":{"line":154,"column":74}},"61":{"start":{"line":157,"column":24},"end":{"line":194,"column":25}},"62":{"start":{"line":159,"column":28},"end":{"line":163,"column":31}},"63":{"start":{"line":167,"column":28},"end":{"line":173,"column":31}},"64":{"start":{"line":175,"column":28},"end":{"line":192,"column":31}},"65":{"start":{"line":182,"column":32},"end":{"line":191,"column":33}},"66":{"start":{"line":183,"column":36},"end":{"line":183,"column":46}},"67":{"start":{"line":185,"column":36},"end":{"line":190,"column":39}},"68":{"start":{"line":197,"column":16},"end":{"line":197,"column":26}},"69":{"start":{"line":203,"column":12},"end":{"line":203,"column":43}},"70":{"start":{"line":205,"column":12},"end":{"line":214,"column":15}},"71":{"start":{"line":206,"column":16},"end":{"line":206,"column":41}},"72":{"start":{"line":208,"column":16},"end":{"line":211,"column":19}},"73":{"start":{"line":213,"column":16},"end":{"line":213,"column":26}},"74":{"start":{"line":217,"column":0},"end":{"line":245,"column":11}},"75":{"start":{"line":220,"column":12},"end":{"line":244,"column":15}},"76":{"start":{"line":223,"column":16},"end":{"line":230,"column":17}},"77":{"start":{"line":224,"column":20},"end":{"line":227,"column":22}},"78":{"start":{"line":229,"column":20},"end":{"line":229,"column":43}},"79":{"start":{"line":233,"column":16},"end":{"line":233,"column":64}},"80":{"start":{"line":234,"column":16},"end":{"line":234,"column":39}},"81":{"start":{"line":237,"column":16},"end":{"line":240,"column":19}},"82":{"start":{"line":243,"column":16},"end":{"line":243,"column":26}},"83":{"start":{"line":247,"column":0},"end":{"line":247,"column":24}}},"branchMap":{"1":{"line":33,"type":"if","locations":[{"start":{"line":33,"column":12},"end":{"line":33,"column":12}},{"start":{"line":33,"column":12},"end":{"line":33,"column":12}}]},"2":{"line":53,"type":"if","locations":[{"start":{"line":53,"column":16},"end":{"line":53,"column":16}},{"start":{"line":53,"column":16},"end":{"line":53,"column":16}}]},"3":{"line":86,"type":"if","locations":[{"start":{"line":86,"column":20},"end":{"line":86,"column":20}},{"start":{"line":86,"column":20},"end":{"line":86,"column":20}}]},"4":{"line":147,"type":"if","locations":[{"start":{"line":147,"column":12},"end":{"line":147,"column":12}},{"start":{"line":147,"column":12},"end":{"line":147,"column":12}}]},"5":{"line":157,"type":"if","locations":[{"start":{"line":157,"column":24},"end":{"line":157,"column":24}},{"start":{"line":157,"column":24},"end":{"line":157,"column":24}}]},"6":{"line":182,"type":"if","locations":[{"start":{"line":182,"column":32},"end":{"line":182,"column":32}},{"start":{"line":182,"column":32},"end":{"line":182,"column":32}}]},"7":{"line":223,"type":"if","locations":[{"start":{"line":223,"column":16},"end":{"line":223,"column":16}},{"start":{"line":223,"column":16},"end":{"line":223,"column":16}}]}}},"/Users/abrewer/Repos/writ-electron/models/index.js":{"path":"/Users/abrewer/Repos/writ-electron/models/index.js","s":{"1":1},"b":{},"f":{},"fnMap":{},"statementMap":{"1":{"start":{"line":3,"column":0},"end":{"line":8,"column":2}}},"branchMap":{}},"/Users/abrewer/Repos/writ-electron/server/middleware/permissions.js":{"path":"/Users/abrewer/Repos/writ-electron/server/middleware/permissions.js","s":{"1":1,"2":1,"3":0,"4":0,"5":0,"6":0,"7":0,"8":0,"9":0,"10":0,"11":1,"12":0,"13":0,"14":0,"15":0,"16":0,"17":0,"18":0,"19":1},"b":{"1":[0,0],"2":[0,0],"3":[0,0],"4":[0,0]},"f":{"1":0,"2":0},"fnMap":{"1":{"name":"can","line":14,"loc":{"start":{"line":14,"column":0},"end":{"line":14,"column":48}}},"2":{"name":"permFilter","line":37,"loc":{"start":{"line":37,"column":0},"end":{"line":37,"column":64}}}},"statementMap":{"1":{"start":{"line":3,"column":0},"end":{"line":3,"column":37}},"2":{"start":{"line":14,"column":0},"end":{"line":25,"column":1}},"3":{"start":{"line":15,"column":4},"end":{"line":15,"column":68}},"4":{"start":{"line":16,"column":4},"end":{"line":16,"column":65}},"5":{"start":{"line":17,"column":4},"end":{"line":24,"column":5}},"6":{"start":{"line":18,"column":8},"end":{"line":18,"column":41}},"7":{"start":{"line":19,"column":8},"end":{"line":19,"column":45}},"8":{"start":{"line":20,"column":8},"end":{"line":20,"column":44}},"9":{"start":{"line":21,"column":8},"end":{"line":21,"column":38}},"10":{"start":{"line":23,"column":8},"end":{"line":23,"column":32}},"11":{"start":{"line":37,"column":0},"end":{"line":47,"column":1}},"12":{"start":{"line":38,"column":4},"end":{"line":38,"column":20}},"13":{"start":{"line":39,"column":4},"end":{"line":39,"column":57}},"14":{"start":{"line":40,"column":4},"end":{"line":40,"column":31}},"15":{"start":{"line":41,"column":4},"end":{"line":45,"column":5}},"16":{"start":{"line":42,"column":8},"end":{"line":44,"column":9}},"17":{"start":{"line":43,"column":12},"end":{"line":43,"column":46}},"18":{"start":{"line":46,"column":4},"end":{"line":46,"column":18}},"19":{"start":{"line":49,"column":0},"end":{"line":52,"column":2}}},"branchMap":{"1":{"line":16,"type":"cond-expr","locations":[{"start":{"line":16,"column":28},"end":{"line":16,"column":45}},{"start":{"line":16,"column":48},"end":{"line":16,"column":64}}]},"2":{"line":17,"type":"if","locations":[{"start":{"line":17,"column":4},"end":{"line":17,"column":4}},{"start":{"line":17,"column":4},"end":{"line":17,"column":4}}]},"3":{"line":40,"type":"cond-expr","locations":[{"start":{"line":40,"column":25},"end":{"line":40,"column":26}},{"start":{"line":40,"column":29},"end":{"line":40,"column":30}}]},"4":{"line":42,"type":"if","locations":[{"start":{"line":42,"column":8},"end":{"line":42,"column":8}},{"start":{"line":42,"column":8},"end":{"line":42,"column":8}}]}}},"/Users/abrewer/Repos/writ-electron/server/users/users.db.js":{"path":"/Users/abrewer/Repos/writ-electron/server/users/users.db.js","s":{"1":1,"2":1,"3":1,"4":1,"5":1,"6":1,"7":0,"8":1},"b":{},"f":{"1":1,"2":0},"fnMap":{"1":{"name":"(anonymous_1)","line":13,"loc":{"start":{"line":13,"column":8},"end":{"line":13,"column":25}}},"2":{"name":"(anonymous_2)","line":20,"loc":{"start":{"line":20,"column":9},"end":{"line":20,"column":23}}}},"statementMap":{"1":{"start":{"line":3,"column":0},"end":{"line":3,"column":33}},"2":{"start":{"line":4,"column":0},"end":{"line":4,"column":40}},"3":{"start":{"line":5,"column":0},"end":{"line":5,"column":26}},"4":{"start":{"line":7,"column":0},"end":{"line":7,"column":38}},"5":{"start":{"line":9,"column":0},"end":{"line":22,"column":3}},"6":{"start":{"line":14,"column":4},"end":{"line":18,"column":7}},"7":{"start":{"line":21,"column":4},"end":{"line":21,"column":22}},"8":{"start":{"line":24,"column":0},"end":{"line":24,"column":23}}},"branchMap":{}},"/Users/abrewer/Repos/writ-electron/server/users/users.util.js":{"path":"/Users/abrewer/Repos/writ-electron/server/users/users.util.js","s":{"1":1,"2":1,"3":1,"4":3,"5":3,"6":3,"7":3,"8":1,"9":3,"10":1,"11":7,"12":1},"b":{"1":[3,0]},"f":{"1":3,"2":3,"3":7},"fnMap":{"1":{"name":"processPassword","line":11,"loc":{"start":{"line":11,"column":0},"end":{"line":11,"column":33}}},"2":{"name":"checkPassword","line":27,"loc":{"start":{"line":27,"column":0},"end":{"line":27,"column":45}}},"3":{"name":"getHash","line":38,"loc":{"start":{"line":38,"column":0},"end":{"line":38,"column":33}}}},"statementMap":{"1":{"start":{"line":3,"column":0},"end":{"line":3,"column":44}},"2":{"start":{"line":4,"column":0},"end":{"line":4,"column":44}},"3":{"start":{"line":11,"column":0},"end":{"line":17,"column":1}},"4":{"start":{"line":12,"column":4},"end":{"line":16,"column":5}},"5":{"start":{"line":13,"column":8},"end":{"line":13,"column":69}},"6":{"start":{"line":14,"column":8},"end":{"line":14,"column":60}},"7":{"start":{"line":15,"column":8},"end":{"line":15,"column":31}},"8":{"start":{"line":27,"column":0},"end":{"line":29,"column":1}},"9":{"start":{"line":28,"column":4},"end":{"line":28,"column":44}},"10":{"start":{"line":38,"column":0},"end":{"line":40,"column":1}},"11":{"start":{"line":39,"column":4},"end":{"line":39,"column":43}},"12":{"start":{"line":42,"column":0},"end":{"line":46,"column":2}}},"branchMap":{"1":{"line":12,"type":"if","locations":[{"start":{"line":12,"column":4},"end":{"line":12,"column":4}},{"start":{"line":12,"column":4},"end":{"line":12,"column":4}}]}}},"/Users/abrewer/Repos/writ-electron/server/users/users.auth.js":{"path":"/Users/abrewer/Repos/writ-electron/server/users/users.auth.js","s":{"1":1,"2":1,"3":1,"4":1,"5":1,"6":1,"7":1,"8":0,"9":0,"10":0,"11":0,"12":0,"13":0,"14":0,"15":0,"16":0,"17":0,"18":1,"19":0,"20":1,"21":0,"22":1},"b":{"1":[0,0],"2":[0,0]},"f":{"1":0,"2":0,"3":0,"4":0,"5":0,"6":0},"fnMap":{"1":{"name":"(anonymous_1)","line":11,"loc":{"start":{"line":11,"column":4},"end":{"line":11,"column":34}}},"2":{"name":"(anonymous_2)","line":15,"loc":{"start":{"line":15,"column":16},"end":{"line":15,"column":32}}},"3":{"name":"(anonymous_3)","line":30,"loc":{"start":{"line":30,"column":16},"end":{"line":30,"column":31}}},"4":{"name":"(anonymous_4)","line":34,"loc":{"start":{"line":34,"column":17},"end":{"line":34,"column":31}}},"5":{"name":"(anonymous_5)","line":42,"loc":{"start":{"line":42,"column":23},"end":{"line":42,"column":44}}},"6":{"name":"(anonymous_6)","line":46,"loc":{"start":{"line":46,"column":25},"end":{"line":46,"column":46}}}},"statementMap":{"1":{"start":{"line":3,"column":0},"end":{"line":3,"column":35}},"2":{"start":{"line":4,"column":0},"end":{"line":4,"column":59}},"3":{"start":{"line":5,"column":0},"end":{"line":5,"column":44}},"4":{"start":{"line":6,"column":0},"end":{"line":6,"column":34}},"5":{"start":{"line":7,"column":0},"end":{"line":7,"column":39}},"6":{"start":{"line":8,"column":0},"end":{"line":8,"column":38}},"7":{"start":{"line":10,"column":0},"end":{"line":40,"column":8}},"8":{"start":{"line":13,"column":8},"end":{"line":38,"column":11}},"9":{"start":{"line":17,"column":12},"end":{"line":19,"column":13}},"10":{"start":{"line":18,"column":16},"end":{"line":18,"column":46}},"11":{"start":{"line":21,"column":12},"end":{"line":21,"column":37}},"12":{"start":{"line":22,"column":12},"end":{"line":22,"column":87}},"13":{"start":{"line":24,"column":12},"end":{"line":26,"column":13}},"14":{"start":{"line":25,"column":16},"end":{"line":25,"column":46}},"15":{"start":{"line":28,"column":12},"end":{"line":28,"column":24}},"16":{"start":{"line":32,"column":12},"end":{"line":32,"column":34}},"17":{"start":{"line":36,"column":12},"end":{"line":36,"column":27}},"18":{"start":{"line":42,"column":0},"end":{"line":44,"column":3}},"19":{"start":{"line":43,"column":4},"end":{"line":43,"column":21}},"20":{"start":{"line":46,"column":0},"end":{"line":48,"column":3}},"21":{"start":{"line":47,"column":4},"end":{"line":47,"column":21}},"22":{"start":{"line":50,"column":0},"end":{"line":50,"column":26}}},"branchMap":{"1":{"line":17,"type":"if","locations":[{"start":{"line":17,"column":12},"end":{"line":17,"column":12}},{"start":{"line":17,"column":12},"end":{"line":17,"column":12}}]},"2":{"line":24,"type":"if","locations":[{"start":{"line":24,"column":12},"end":{"line":24,"column":12}},{"start":{"line":24,"column":12},"end":{"line":24,"column":12}}]}}},"/Users/abrewer/Repos/writ-electron/server/middleware/error_handler.js":{"path":"/Users/abrewer/Repos/writ-electron/server/middleware/error_handler.js","s":{"1":1,"2":1,"3":0,"4":0,"5":0,"6":0,"7":0,"8":0,"9":0,"10":0,"11":0,"12":0,"13":0,"14":0,"15":0,"16":0,"17":0,"18":0,"19":0,"20":0,"21":0},"b":{"1":[0,0],"2":[0,0],"3":[0,0],"4":[0,0],"5":[0,0],"6":[0,0]},"f":{"1":0},"fnMap":{"1":{"name":"(anonymous_1)","line":5,"loc":{"start":{"line":5,"column":17},"end":{"line":5,"column":47}}}},"statementMap":{"1":{"start":{"line":3,"column":0},"end":{"line":3,"column":38}},"2":{"start":{"line":5,"column":0},"end":{"line":74,"column":2}},"3":{"start":{"line":6,"column":4},"end":{"line":6,"column":21}},"4":{"start":{"line":8,"column":4},"end":{"line":73,"column":5}},"5":{"start":{"line":9,"column":8},"end":{"line":10,"column":69}},"6":{"start":{"line":11,"column":11},"end":{"line":73,"column":5}},"7":{"start":{"line":12,"column":8},"end":{"line":15,"column":10}},"8":{"start":{"line":16,"column":8},"end":{"line":16,"column":43}},"9":{"start":{"line":18,"column":11},"end":{"line":73,"column":5}},"10":{"start":{"line":19,"column":8},"end":{"line":28,"column":10}},"11":{"start":{"line":29,"column":8},"end":{"line":29,"column":43}},"12":{"start":{"line":31,"column":11},"end":{"line":73,"column":5}},"13":{"start":{"line":32,"column":8},"end":{"line":41,"column":10}},"14":{"start":{"line":42,"column":8},"end":{"line":42,"column":50}},"15":{"start":{"line":44,"column":11},"end":{"line":73,"column":5}},"16":{"start":{"line":45,"column":8},"end":{"line":54,"column":10}},"17":{"start":{"line":55,"column":8},"end":{"line":55,"column":50}},"18":{"start":{"line":57,"column":11},"end":{"line":73,"column":5}},"19":{"start":{"line":58,"column":8},"end":{"line":67,"column":10}},"20":{"start":{"line":68,"column":8},"end":{"line":68,"column":50}},"21":{"start":{"line":72,"column":8},"end":{"line":72,"column":18}}},"branchMap":{"1":{"line":8,"type":"if","locations":[{"start":{"line":8,"column":4},"end":{"line":8,"column":4}},{"start":{"line":8,"column":4},"end":{"line":8,"column":4}}]},"2":{"line":11,"type":"if","locations":[{"start":{"line":11,"column":11},"end":{"line":11,"column":11}},{"start":{"line":11,"column":11},"end":{"line":11,"column":11}}]},"3":{"line":18,"type":"if","locations":[{"start":{"line":18,"column":11},"end":{"line":18,"column":11}},{"start":{"line":18,"column":11},"end":{"line":18,"column":11}}]},"4":{"line":31,"type":"if","locations":[{"start":{"line":31,"column":11},"end":{"line":31,"column":11}},{"start":{"line":31,"column":11},"end":{"line":31,"column":11}}]},"5":{"line":44,"type":"if","locations":[{"start":{"line":44,"column":11},"end":{"line":44,"column":11}},{"start":{"line":44,"column":11},"end":{"line":44,"column":11}}]},"6":{"line":57,"type":"if","locations":[{"start":{"line":57,"column":11},"end":{"line":57,"column":11}},{"start":{"line":57,"column":11},"end":{"line":57,"column":11}}]}}},"/Users/abrewer/Repos/writ-electron/server/users/users.unit.js":{"path":"/Users/abrewer/Repos/writ-electron/server/users/users.unit.js","s":{"1":1,"2":1,"3":1,"4":1,"5":1,"6":1,"7":1,"8":1,"9":1,"10":1,"11":1,"12":1,"13":1,"14":1,"15":1,"16":1,"17":1,"18":1,"19":1,"20":1,"21":1,"22":1,"23":1,"24":1,"25":1,"26":1,"27":1,"28":1,"29":1,"30":1,"31":1,"32":1,"33":1,"34":1,"35":1,"36":1,"37":1,"38":1,"39":1,"40":1,"41":1,"42":1,"43":1,"44":1,"45":1},"b":{},"f":{"1":1,"2":1,"3":1,"4":1,"5":1,"6":1,"7":1,"8":1,"9":1,"10":1,"11":1,"12":1,"13":1},"fnMap":{"1":{"name":"(anonymous_1)","line":8,"loc":{"start":{"line":8,"column":18},"end":{"line":8,"column":29}}},"2":{"name":"(anonymous_2)","line":13,"loc":{"start":{"line":13,"column":27},"end":{"line":13,"column":38}}},"3":{"name":"(anonymous_3)","line":19,"loc":{"start":{"line":19,"column":28},"end":{"line":19,"column":39}}},"4":{"name":"(anonymous_4)","line":23,"loc":{"start":{"line":23,"column":83},"end":{"line":23,"column":94}}},"5":{"name":"(anonymous_5)","line":29,"loc":{"start":{"line":29,"column":36},"end":{"line":29,"column":47}}},"6":{"name":"(anonymous_6)","line":35,"loc":{"start":{"line":35,"column":64},"end":{"line":35,"column":75}}},"7":{"name":"(anonymous_7)","line":41,"loc":{"start":{"line":41,"column":44},"end":{"line":41,"column":55}}},"8":{"name":"(anonymous_8)","line":45,"loc":{"start":{"line":45,"column":65},"end":{"line":45,"column":76}}},"9":{"name":"(anonymous_9)","line":50,"loc":{"start":{"line":50,"column":88},"end":{"line":50,"column":99}}},"10":{"name":"(anonymous_10)","line":57,"loc":{"start":{"line":57,"column":34},"end":{"line":57,"column":45}}},"11":{"name":"(anonymous_11)","line":59,"loc":{"start":{"line":59,"column":59},"end":{"line":59,"column":70}}},"12":{"name":"(anonymous_12)","line":66,"loc":{"start":{"line":66,"column":61},"end":{"line":66,"column":72}}},"13":{"name":"(anonymous_13)","line":73,"loc":{"start":{"line":73,"column":68},"end":{"line":73,"column":79}}}},"statementMap":{"1":{"start":{"line":3,"column":0},"end":{"line":3,"column":39}},"2":{"start":{"line":4,"column":0},"end":{"line":4,"column":39}},"3":{"start":{"line":5,"column":0},"end":{"line":5,"column":45}},"4":{"start":{"line":6,"column":0},"end":{"line":6,"column":26}},"5":{"start":{"line":8,"column":0},"end":{"line":84,"column":3}},"6":{"start":{"line":10,"column":4},"end":{"line":10,"column":33}},"7":{"start":{"line":11,"column":4},"end":{"line":11,"column":33}},"8":{"start":{"line":13,"column":4},"end":{"line":82,"column":7}},"9":{"start":{"line":15,"column":8},"end":{"line":15,"column":48}},"10":{"start":{"line":16,"column":8},"end":{"line":16,"column":51}},"11":{"start":{"line":17,"column":8},"end":{"line":17,"column":48}},"12":{"start":{"line":19,"column":8},"end":{"line":27,"column":11}},"13":{"start":{"line":21,"column":12},"end":{"line":21,"column":71}},"14":{"start":{"line":23,"column":12},"end":{"line":26,"column":15}},"15":{"start":{"line":24,"column":16},"end":{"line":24,"column":58}},"16":{"start":{"line":25,"column":16},"end":{"line":25,"column":56}},"17":{"start":{"line":29,"column":8},"end":{"line":55,"column":11}},"18":{"start":{"line":31,"column":12},"end":{"line":31,"column":55}},"19":{"start":{"line":32,"column":12},"end":{"line":32,"column":58}},"20":{"start":{"line":33,"column":12},"end":{"line":33,"column":55}},"21":{"start":{"line":35,"column":12},"end":{"line":39,"column":15}},"22":{"start":{"line":36,"column":16},"end":{"line":36,"column":66}},"23":{"start":{"line":37,"column":16},"end":{"line":37,"column":75}},"24":{"start":{"line":38,"column":16},"end":{"line":38,"column":75}},"25":{"start":{"line":41,"column":12},"end":{"line":43,"column":15}},"26":{"start":{"line":42,"column":16},"end":{"line":42,"column":73}},"27":{"start":{"line":45,"column":12},"end":{"line":48,"column":15}},"28":{"start":{"line":46,"column":16},"end":{"line":46,"column":81}},"29":{"start":{"line":47,"column":16},"end":{"line":47,"column":81}},"30":{"start":{"line":50,"column":12},"end":{"line":53,"column":15}},"31":{"start":{"line":51,"column":16},"end":{"line":51,"column":84}},"32":{"start":{"line":52,"column":16},"end":{"line":52,"column":84}},"33":{"start":{"line":57,"column":8},"end":{"line":80,"column":11}},"34":{"start":{"line":59,"column":12},"end":{"line":64,"column":15}},"35":{"start":{"line":60,"column":16},"end":{"line":61,"column":103}},"36":{"start":{"line":62,"column":16},"end":{"line":62,"column":67}},"37":{"start":{"line":63,"column":16},"end":{"line":63,"column":48}},"38":{"start":{"line":66,"column":12},"end":{"line":71,"column":15}},"39":{"start":{"line":67,"column":16},"end":{"line":68,"column":109}},"40":{"start":{"line":69,"column":16},"end":{"line":69,"column":70}},"41":{"start":{"line":70,"column":16},"end":{"line":70,"column":51}},"42":{"start":{"line":73,"column":12},"end":{"line":78,"column":15}},"43":{"start":{"line":74,"column":16},"end":{"line":75,"column":110}},"44":{"start":{"line":76,"column":16},"end":{"line":76,"column":67}},"45":{"start":{"line":77,"column":16},"end":{"line":77,"column":49}}},"branchMap":{}}}